
============================================================
Started: 2026-05-02 21:12:22
============================================================
Running hybrid × E_Bal_xy: eml(eml(x,1),eml(y,1)) Bal
  hybrid_E_Bal_xy: 8/64 seeds, 0/32 exact (0.0%) [352s]
  hybrid_E_Bal_xy: 16/64 seeds, 0/64 exact (0.0%) [720s]
Running hybrid × E_Bal_xy: eml(eml(x,1),eml(y,1)) Bal
  Resumed hybrid_E_Bal_xy: 64 runs already done
  hybrid_E_Bal_xy: 72/64 seeds, 0/64 exact (0.0%) [0s]
  hybrid_E_Bal_xy: 80/64 seeds, 0/64 exact (0.0%) [0s]

[SIGINT] finishing current run, then saving checkpoint...

  DONE hybrid_E_Bal_xy: 0/68 exact (0.0%) [66s]
  Failure types: {'training_failure': 68}

========================================================================
Cell                               Rate  exact  train  harden  const   near  other
========================================================================
eq6_E_Bal_xy                       0.0%      0      2       0      0      0      0
eq6_E_T1_xy                        0.0%      0     64       0      0      0      0
eq6_E_T4_xy                        0.0%      0      0      64      0      0      0
eq6_E_T4_yx                      100.0%     50      0       0      0      0      0
eq6_E_paper_yx                   100.0%     64      0       0      0      0      0
eq6_R_LR_yx                        0.0%      0      0       2      0      0      0
eq6_S_Bal_xy                       0.0%      0      0       0      0      0      0
eq6_S_RL_xy                      100.0%     64      0       0      0      0      0
hybrid_E_Bal_xy                    0.0%      0     68       0      0      0      0
hybrid_S_LR_yx                     0.0%      0      0      44      0      0      0
v16_E_Bal_xy                       0.0%      0    100       0      0      0      0
v16_E_paper_yx                    18.0%     18      0      82      0      0      0
v16_S_Bal_xy                       0.0%      0      0      51      0      0      0
v16_S_LR_yx                       85.3%     58      0      10      0      0      0

TOTAL                                      254    234    253      0      0      0

All failure types: {'training_failure': 234, 'hardening_failure': 253, 'exact': 254, 'chain_collapse': 19}
