Running hybrid × S_LR_yx: sml(sml(1,sml(y,x)),1) LR
  hybrid_S_LR_yx: 8/64 seeds, 0/32 exact (0.0%) [435s]

[SIGINT] finishing current run, then saving checkpoint...

  DONE hybrid_S_LR_yx: 0/44 exact (0.0%) [592s]
  Failure types: {'hardening_failure': 44}

========================================================================
Cell                               Rate  exact  train  harden  const   near  other
========================================================================
eq6_E_Bal_xy                       0.0%      0      2       0      0      0      0
eq6_E_T1_xy                        0.0%      0     64       0      0      0      0
eq6_E_T4_xy                        0.0%      0      0      64      0      0      0
eq6_E_T4_yx                      100.0%     50      0       0      0      0      0
eq6_E_paper_yx                   100.0%     64      0       0      0      0      0
eq6_R_LR_yx                        0.0%      0      0       2      0      0      0
eq6_S_Bal_xy                       0.0%      0      0       0      0      0      0
eq6_S_RL_xy                      100.0%     64      0       0      0      0      0
hybrid_S_LR_yx                     0.0%      0      0      44      0      0      0
v16_E_Bal_xy                       0.0%      0    100       0      0      0      0
v16_E_paper_yx                    18.0%     18      0      82      0      0      0

TOTAL                                      196    166    192      0      0      0

All failure types: {'training_failure': 166, 'hardening_failure': 192, 'exact': 196, 'chain_collapse': 2}
