Running hybrid × S_RL_xy: sml(1,sml(sml(x,y),1)) RL
  hybrid_S_RL_xy: 8/64 seeds, 32/32 exact (100.0%) [437s]

[SIGINT] finishing current run, then saving checkpoint...

  DONE hybrid_S_RL_xy: 44/44 exact (100.0%) [596s]
  Failure types: {'exact': 44}

========================================================================
Cell                               Rate  exact  train  harden  const   near  other
========================================================================
eq6_E_Bal_xy                       0.0%      0      2       0      0      0      0
eq6_E_T1_xy                        0.0%      0     64       0      0      0      0
eq6_E_T4_xy                        0.0%      0      0      64      0      0      0
eq6_E_T4_yx                      100.0%     50      0       0      0      0      0
eq6_E_paper_yx                   100.0%     64      0       0      0      0      0
eq6_R_LR_yx                        0.0%      0      0       2      0      0      0
eq6_S_Bal_xy                       0.0%      0      0       0      0      0      0
eq6_S_RL_xy                      100.0%     64      0       0      0      0      0
hybrid_E_Bal_xy                    0.0%      0     68       0      0      0      0
hybrid_S_LR_yx                     0.0%      0      0      44      0      0      0
hybrid_S_RL_xy                   100.0%     44      0       0      0      0      0
v16_E_Bal_xy                       0.0%      0    100       0      0      0      0
v16_E_paper_yx                    18.0%     18      0      82      0      0      0
v16_S_Bal_xy                       0.0%      0      0      51      0      0      0
v16_S_LR_yx                       85.3%     58      0      10      0      0      0

TOTAL                                      298    234    253      0      0      0

All failure types: {'training_failure': 234, 'hardening_failure': 253, 'exact': 298, 'chain_collapse': 19}
